Building DAG of jobs...
Using shell: /bin/bash
Provided cores: 1 (use --cores to define parallelism)
Rules claiming more threads will be scaled down.
Job stats:
job       count    min threads    max threads
------  -------  -------------  -------------
params        1              1              1
total         1              1              1

Select jobs to execute...

[Thu Nov  3 11:19:27 2022]
rule params:
    input: data/parameters.txt, data/ex_CCDS.fasta
    output: results/params.pkl, results/data.pkl
    jobid: 0
    reason: Missing output files: results/data.pkl
    resources: tmpdir=/var/folders/r2/fx4n8btj6dd62s8fyjq6pn5h0000gp/T

python3 scripts/init_test.py -p data/parameters.txt -i data/ex_CCDS.fasta
[Thu Nov  3 11:19:29 2022]
Finished job 0.
1 of 1 steps (100%) done
Complete log: .snakemake/log/2022-11-03T111926.223619.snakemake.log
