Building DAG of jobs...
Using shell: /bin/bash
Provided cores: 1 (use --cores to define parallelism)
Rules claiming more threads will be scaled down.
Job stats:
job       count    min threads    max threads
------  -------  -------------  -------------
blast         1              1              1
params        1              1              1
total         2              1              1

Select jobs to execute...

[Thu Nov  3 11:18:37 2022]
rule params:
    input: data/parameters.txt, data/ex_CCDS.fasta
    output: results/params.pkl, results/data.pkl
    jobid: 1
    reason: Missing output files: results/params.pkl, results/data.pkl
    resources: tmpdir=/var/folders/r2/fx4n8btj6dd62s8fyjq6pn5h0000gp/T

python3 scripts/init_test.py -p data/parameters.txt -i data/ex_CCDS.fasta
[Thu Nov  3 11:18:42 2022]
Finished job 1.
1 of 2 steps (50%) done
Select jobs to execute...

[Thu Nov  3 11:18:42 2022]
rule blast:
    input: results/params.pkl, results/data.pkl
    output: results/blastres.tsv, results/data.pkl
    jobid: 0
    reason: Input files updated by another job: results/params.pkl, results/data.pkl
    resources: tmpdir=/var/folders/r2/fx4n8btj6dd62s8fyjq6pn5h0000gp/T

python3 scripts/blast_test.py results/params.pkl results/data.pkl results/blastres.tsv
Waiting at most 5 seconds for missing files.
