Building DAG of jobs...
Using shell: /bin/bash
Provided cores: 1 (use --cores to define parallelism)
Rules claiming more threads will be scaled down.
Job stats:
job      count    min threads    max threads
-----  -------  -------------  -------------
init         1              1              1
total        1              1              1

Select jobs to execute...

[Wed Nov  9 12:19:24 2022]
rule init:
    input: config/config.json
    output: results/config_update.json
    jobid: 0
    reason: Missing output files: results/config_update.json
    resources: tmpdir=/var/folders/r2/fx4n8btj6dd62s8fyjq6pn5h0000gp/T

python3 scripts/init_test.py config/config.json results/config_update.json
[Wed Nov  9 12:19:26 2022]
Finished job 0.
1 of 1 steps (100%) done
Complete log: .snakemake/log/2022-11-09T121922.987867.snakemake.log
