Building DAG of jobs...
Using shell: /bin/bash
Provided cores: 1 (use --cores to define parallelism)
Rules claiming more threads will be scaled down.
Job stats:
job      count    min threads    max threads
-----  -------  -------------  -------------
init         1              1              1
total        1              1              1

Select jobs to execute...

[Tue Nov  8 23:09:57 2022]
rule init:
    input: config/config.json
    output: results/config_update.json
    jobid: 0
    reason: Missing output files: results/config_update.json
    resources: tmpdir=/var/folders/r2/fx4n8btj6dd62s8fyjq6pn5h0000gp/T

python3 scripts/init_test.py config/config.json results/config_update.json
[Tue Nov  8 23:10:01 2022]
Error in rule init:
    jobid: 0
    output: results/config_update.json
    shell:
        python3 scripts/init_test.py config/config.json results/config_update.json
        (one of the commands exited with non-zero exit code; note that snakemake uses bash strict mode!)

Shutting down, this might take some time.
Exiting because a job execution failed. Look above for error message
Complete log: .snakemake/log/2022-11-08T230956.580472.snakemake.log
